  [1m[36m (10.7ms)[0m  [1mSELECT `schema_migrations`.`version` FROM `schema_migrations` [0m
Migrating to CreateVoicemails (20111027221526)
  [1m[35m (0.2ms)[0m  SELECT `schema_migrations`.`version` FROM `schema_migrations` 


Started GET "/assets/rails.png" for 127.0.0.1 at 2012-06-11 19:55:09 +0530
Served asset /rails.png - 200 OK (5ms)
  [1m[36m (7.4ms)[0m  [1mCREATE TABLE "schema_migrations" ("version" character varying(255) NOT NULL) [0m
  [1m[35m (0.2ms)[0m  SHOW search_path
  [1m[36m (5.7ms)[0m  [1m SELECT distinct i.relname, d.indisunique, d.indkey, t.oid
 FROM pg_class t
 INNER JOIN pg_index d ON t.oid = d.indrelid
 INNER JOIN pg_class i ON d.indexrelid = i.oid
 WHERE i.relkind = 'i'
 AND d.indisprimary = 'f'
 AND t.relname = 'schema_migrations'
 AND i.relnamespace IN (SELECT oid FROM pg_namespace WHERE nspname IN ('"$user"','public') )
 ORDER BY i.relname
[0m
  [1m[35m (3.7ms)[0m  CREATE UNIQUE INDEX "unique_schema_migrations" ON "schema_migrations" ("version")
  [1m[36m (0.4ms)[0m  [1mSELECT "schema_migrations"."version" FROM "schema_migrations" [0m
Migrating to CreateVoicemails (20111027221526)
  [1m[35m (0.1ms)[0m  BEGIN
  [1m[36m (7.8ms)[0m  [1mCREATE TABLE "voicemails" ("id" serial primary key, "attachment_file_name" character varying(255), "attachment_content_type" character varying(255), "attachment_file_size" integer, "attachment_updated_at" timestamp, "created_at" timestamp, "updated_at" timestamp) [0m
  [1m[35m (0.4ms)[0m  INSERT INTO "schema_migrations" ("version") VALUES ('20111027221526')
  [1m[36m (0.4ms)[0m  [1mCOMMIT[0m
  [1m[35m (0.4ms)[0m  SELECT "schema_migrations"."version" FROM "schema_migrations" 
  [1m[36m (0.2ms)[0m  [1mSHOW search_path[0m
  [1m[35m (2.6ms)[0m   SELECT distinct i.relname, d.indisunique, d.indkey, t.oid
 FROM pg_class t
 INNER JOIN pg_index d ON t.oid = d.indrelid
 INNER JOIN pg_class i ON d.indexrelid = i.oid
 WHERE i.relkind = 'i'
 AND d.indisprimary = 'f'
 AND t.relname = 'voicemails'
 AND i.relnamespace IN (SELECT oid FROM pg_namespace WHERE nspname IN ('"$user"','public') )
 ORDER BY i.relname


Started GET "/assets/rails.png" for 127.0.0.1 at 2012-06-11 22:54:51 +0530
Served asset /rails.png - 304 Not Modified (1ms)


Started GET "/voicemails/new.json" for 127.0.0.1 at 2012-06-13 11:32:39 +0530

ActionController::RoutingError (No route matches [GET] "/voicemails/new.json"):
  

Rendered /Users/sanjeevmishra/.rvm/gems/ruby-1.9.2-p320/gems/actionpack-3.1.0/lib/action_dispatch/middleware/templates/rescues/routing_error.erb within rescues/layout (27.4ms)


Started POST "/voicemails/new.json" for 127.0.0.1 at 2012-06-13 11:37:50 +0530
  Processing by VoicemailsController#create as JSON
  Parameters: {"attachment_file_name"=>"blabla", "attachment_content_type"=>"text", "attachment_file_size"=>"2"}
WARNING: Can't verify CSRF token authenticity
Completed 401 Unauthorized in 1ms


Started POST "/voicemails/new.json" for 127.0.0.1 at 2012-06-13 11:38:29 +0530
  Processing by VoicemailsController#create as JSON
  Parameters: {"attachment_file_name"=>"blabla", "attachment_content_type"=>"text", "attachment_file_size"=>"2"}
WARNING: Can't verify CSRF token authenticity
  [1m[36m (0.1ms)[0m  [1mBEGIN[0m
  [1m[35m (1.0ms)[0m  ROLLBACK
Completed 422 Unprocessable Entity in 18ms (Views: 1.0ms | ActiveRecord: 6.5ms)
